
Gurobi 7.0.2 (linux64) logging started Fri Apr  6 17:44:51 2018

Set parameter TimeLimit to value 3600

Gurobi Optimizer version 7.0.2 build v7.0.2rc1 (linux64)
Copyright (c) 2017, Gurobi Optimization, Inc.

Warning: unknown variable '+' in integer section
Warning: unknown variable '-' in integer section
Warning: unknown variable '20' in integer section
Warning: unknown variable '12' in integer section
Warning: unknown variable '0.500000' in integer section
Warning: unknown variable '2.000000' in integer section
Warning: Numeric variable name in LP file ('20') - often the result
         of a constant term in the left-hand side of a constraint.

Read LP format model from file ILPmodel.lp
Reading time = 0.02 seconds
: 8739 rows, 4278 columns, 31068 nonzeros
Optimize a model with 8739 rows, 4278 columns and 31068 nonzeros
Variable types: 0 continuous, 4278 integer (2513 binary)
Coefficient statistics:
  Matrix range     [5e-01, 1e+05]
  Objective range  [1e+00, 5e+03]
  Bounds range     [1e+00, 1e+00]
  RHS range        [1e+00, 2e+04]
Presolve removed 2565 rows and 1255 columns
Presolve time: 0.10s
Presolved: 6174 rows, 3023 columns, 18233 nonzeros
Variable types: 0 continuous, 3023 integer (2046 binary)

Root relaxation: objective 1.834831e+06, 2305 iterations, 0.05 seconds

    Nodes    |    Current Node    |     Objective Bounds      |     Work
 Expl Unexpl |  Obj  Depth IntInf | Incumbent    BestBd   Gap | It/Node Time

     0     0 1834831.48    0  722          - 1834831.48      -     -    0s
H    0     0                    1843742.0000 1834831.48  0.48%     -    0s
H    0     0                    1841086.0000 1834831.48  0.34%     -    0s
     0     0 1835533.80    0  541 1841086.00 1835533.80  0.30%     -    0s
H    0     0                    1840619.0000 1835533.80  0.28%     -    0s
     0     0 1835552.57    0  544 1840619.00 1835552.57  0.28%     -    0s
     0     0 1835739.23    0  569 1840619.00 1835739.23  0.27%     -    0s
H    0     0                    1840103.0000 1835739.23  0.24%     -    0s
     0     0 1835744.98    0  466 1840103.00 1835744.98  0.24%     -    0s
     0     0 1835761.02    0  257 1840103.00 1835761.02  0.24%     -    0s
     0     0 1835764.18    0  448 1840103.00 1835764.18  0.24%     -    0s
     0     0 1835769.72    0  433 1840103.00 1835769.72  0.24%     -    0s
H    0     0                    1840033.0000 1835769.72  0.23%     -    0s
     0     0 1835769.81    0  450 1840033.00 1835769.81  0.23%     -    0s
     0     0 1835771.47    0  408 1840033.00 1835771.47  0.23%     -    0s
H    0     0                    1839516.0000 1835771.47  0.20%     -    1s
     0     0 1835771.70    0  449 1839516.00 1835771.70  0.20%     -    1s
     0     0 1835773.51    0  402 1839516.00 1835773.51  0.20%     -    1s
H    0     0                    1839407.0000 1835773.51  0.20%     -    1s
     0     0 1835773.74    0  436 1839407.00 1835773.74  0.20%     -    1s
     0     0 1835774.32    0  435 1839407.00 1835774.32  0.20%     -    1s
H    0     0                    1839017.0000 1835774.32  0.18%     -    1s
     0     0 1835774.32    0  437 1839017.00 1835774.32  0.18%     -    1s
     0     0 1835774.32    0  365 1839017.00 1835774.32  0.18%     -    1s
H    0     0                    1838637.0000 1835774.32  0.16%     -    1s
     0     0 1835774.32    0  371 1838637.00 1835774.32  0.16%     -    1s
     0     0 1835774.32    0  359 1838637.00 1835774.32  0.16%     -    1s
     0     0 1835774.37    0  355 1838637.00 1835774.37  0.16%     -    1s
     0     0 1835774.40    0  365 1838637.00 1835774.40  0.16%     -    1s
     0     0 1835774.40    0  365 1838637.00 1835774.40  0.16%     -    1s
H    0     0                    1838409.0000 1835774.40  0.14%     -    1s
     0     0 1835774.40    0  504 1838409.00 1835774.40  0.14%     -    1s
     0     0 1835774.40    0  451 1838409.00 1835774.40  0.14%     -    2s
     0     0 1835776.19    0  328 1838409.00 1835776.19  0.14%     -    2s
     0     0 1835782.62    0  284 1838409.00 1835782.62  0.14%     -    2s
     0     0 1835785.62    0  415 1838409.00 1835785.62  0.14%     -    2s
     0     0 1835785.65    0  449 1838409.00 1835785.65  0.14%     -    2s
     0     0 1835785.65    0  452 1838409.00 1835785.65  0.14%     -    2s
     0     0 1835786.97    0  409 1838409.00 1835786.97  0.14%     -    2s
     0     0 1835786.97    0  408 1838409.00 1835786.97  0.14%     -    2s
     0     2 1835786.97    0  408 1838409.00 1835786.97  0.14%     -    2s
H   33    30                    1838384.0000 1835805.63  0.14%  55.5    3s
H  117   109                    1838147.0000 1835805.63  0.13%  28.5    3s
H  187   163                    1837932.0000 1835805.63  0.12%  21.3    3s
H  206   181                    1837848.0000 1835805.63  0.11%  20.3    3s
H  291   278                    1837493.0000 1835805.63  0.09%  16.5    3s
H  307   186                    1836457.0000 1835805.63  0.04%  16.4    3s
H 1089   569                    1836371.0000 1835840.70  0.03%  18.4    4s
  1176   605 1836278.68   55  315 1836371.00 1835840.70  0.03%  17.8    5s
  1340   676 1836311.71   26  519 1836371.00 1835884.64  0.03%  38.3   10s
* 1977   634             109    1836330.0000 1835993.63  0.02%  44.1   11s

Cutting planes:
  Learned: 2
  Gomory: 95
  Cover: 15
  Implied bound: 40
  Projected Implied bound: 1
  Clique: 1
  MIR: 217
  Flow cover: 178
  Zero half: 13

Explored 3186 nodes (135644 simplex iterations) in 13.94 seconds
Thread count was 8 (of 8 available processors)

Solution count 10: 1.83633e+06 1.83637e+06 1.83646e+06 ... 1.83841e+06
Pool objective bound 1.83617e+06

Optimal solution found (tolerance 1.00e-04)
Best objective 1.836330000000e+06, best bound 1.836171000000e+06, gap 0.0087%

Wrote result file 'ILPmodel.sol'


Gurobi 7.0.2 (linux64) logging started Fri Apr  6 17:45:11 2018

Set parameter TimeLimit to value 3600

Gurobi Optimizer version 7.0.2 build v7.0.2rc1 (linux64)
Copyright (c) 2017, Gurobi Optimization, Inc.

Warning: unknown variable '+' in integer section
Warning: unknown variable '-' in integer section
Warning: unknown variable '20' in integer section
Warning: unknown variable '12' in integer section
Warning: unknown variable '0.500000' in integer section
Warning: unknown variable '2.000000' in integer section
Warning: Numeric variable name in LP file ('20') - often the result
         of a constant term in the left-hand side of a constraint.

Read LP format model from file ILPmodel.lp
Reading time = 0.02 seconds
: 9397 rows, 4532 columns, 33458 nonzeros
Optimize a model with 9397 rows, 4532 columns and 33458 nonzeros
Variable types: 0 continuous, 4532 integer (2645 binary)
Coefficient statistics:
  Matrix range     [5e-01, 1e+05]
  Objective range  [1e+00, 5e+03]
  Bounds range     [1e+00, 1e+00]
  RHS range        [1e+00, 2e+04]
Presolve removed 2649 rows and 1314 columns
Presolve time: 0.11s
Presolved: 6748 rows, 3218 columns, 19905 nonzeros
Variable types: 0 continuous, 3218 integer (2156 binary)

Root relaxation: objective 1.835965e+06, 2651 iterations, 0.06 seconds

    Nodes    |    Current Node    |     Objective Bounds      |     Work
 Expl Unexpl |  Obj  Depth IntInf | Incumbent    BestBd   Gap | It/Node Time

     0     0 1835964.60    0  795          - 1835964.60      -     -    0s
     0     0 1856708.24    0  650          - 1856708.24      -     -    0s
     0     0 1856715.53    0  662          - 1856715.53      -     -    0s
     0     0 2036710.44    0  784          - 2036710.44      -     -    0s
     0     0 2036738.01    0  715          - 2036738.01      -     -    0s
     0     0 2036750.72    0  774          - 2036750.72      -     -    0s
     0     0 2036761.72    0  478          - 2036761.72      -     -    0s
     0     0 2036764.27    0  679          - 2036764.27      -     -    0s
     0     0 2036764.27    0  679          - 2036764.27      -     -    0s
     0     0 2036767.14    0  679          - 2036767.14      -     -    1s
     0     0 2036767.14    0  679          - 2036767.14      -     -    1s
     0     0 2036768.91    0  554          - 2036768.91      -     -    1s
     0     0 2036768.94    0  578          - 2036768.94      -     -    1s
     0     0 2036769.46    0  538          - 2036769.46      -     -    1s
     0     0 2036769.72    0  662          - 2036769.72      -     -    1s
     0     0 2036769.74    0  627          - 2036769.74      -     -    1s
     0     0 2036769.75    0  657          - 2036769.75      -     -    1s
     0     0 2036769.88    0  654          - 2036769.88      -     -    1s
     0     0 2036811.67    0  569          - 2036811.67      -     -    1s
     0     2 2036811.67    0  566          - 2036811.67      -     -    2s
H  802   745                    2039688.0000 2036833.79  0.14%  12.2    3s
H  892   760                    2039016.0000 2036864.13  0.11%  12.9    3s
H  974   812                    2038651.0000 2036864.13  0.09%  12.8    3s
H  993   789                    2038260.0000 2036864.13  0.07%  13.1    3s
H 1030   788                    2037938.0000 2036864.13  0.05%  13.1    3s
H 1049   729                    2037709.0000 2036864.13  0.04%  12.9    3s
H 1071   730                    2037682.0000 2036864.13  0.04%  13.0    3s
H 1168   742                    2037609.0000 2036864.13  0.04%  13.2    3s
  1174   745 2037067.45   32  724 2037609.00 2036960.47  0.03%  13.1    5s
  1190   756 2037600.90   27  878 2037609.00 2037044.88  0.03%  12.9   10s
  1203   765 2037472.00   68  876 2037609.00 2037052.22  0.03%  12.8   15s
  1435   858 2037433.90   29  488 2037609.00 2037083.06  0.03%  20.8   20s
H 1869   715                    2037362.0000 2037090.61  0.01%  25.9   22s
  2400   753 2037216.44   36  425 2037362.00 2037104.81  0.01%  31.5   25s
  3033   683 2037166.72   26  793 2037362.00 2037151.49  0.01%  36.8   30s

Cutting planes:
  Gomory: 100
  Cover: 9
  Implied bound: 15
  Projected Implied bound: 1
  MIR: 190
  Flow cover: 139
  Zero half: 10
  Mod-K: 1

Explored 3335 nodes (155025 simplex iterations) in 31.15 seconds
Thread count was 8 (of 8 available processors)

Solution count 9: 2.03736e+06 2.03761e+06 2.03768e+06 ... 2.03969e+06
Pool objective bound 2.03716e+06

Optimal solution found (tolerance 1.00e-04)
Best objective 2.037362000000e+06, best bound 2.037162000000e+06, gap 0.0098%

Wrote result file 'ILPmodel.sol'


Gurobi 7.0.2 (linux64) logging started Fri Apr  6 17:46:12 2018

Set parameter TimeLimit to value 3600

Gurobi Optimizer version 7.0.2 build v7.0.2rc1 (linux64)
Copyright (c) 2017, Gurobi Optimization, Inc.

Warning: unknown variable '+' in integer section
Warning: unknown variable '-' in integer section
Warning: unknown variable '20' in integer section
Warning: unknown variable '12' in integer section
Warning: unknown variable '0.500000' in integer section
Warning: unknown variable '2.000000' in integer section
Warning: Numeric variable name in LP file ('20') - often the result
         of a constant term in the left-hand side of a constraint.

Read LP format model from file ILPmodel.lp
Reading time = 0.03 seconds
: 11730 rows, 5471 columns, 40892 nonzeros
Optimize a model with 11730 rows, 5471 columns and 40892 nonzeros
Variable types: 0 continuous, 5471 integer (3140 binary)
Coefficient statistics:
  Matrix range     [5e-01, 1e+05]
  Objective range  [1e+00, 5e+03]
  Bounds range     [1e+00, 1e+00]
  RHS range        [1e+00, 2e+04]
Presolve removed 1364 rows and 1035 columns
Presolve time: 0.01s

Explored 0 nodes (0 simplex iterations) in 0.04 seconds
Thread count was 1 (of 8 available processors)

Solution count 0
Pool objective bound 0

Model is infeasible or unbounded
Best objective -, best bound -, gap -

Unable to retrieve attribute 'X'


Gurobi 7.0.2 (linux64) logging started Fri Apr  6 17:49:10 2018

Set parameter TimeLimit to value 3600

Gurobi Optimizer version 7.0.2 build v7.0.2rc1 (linux64)
Copyright (c) 2017, Gurobi Optimization, Inc.

Warning: unknown variable '+' in integer section
Warning: unknown variable '-' in integer section
Warning: unknown variable '12' in integer section
Warning: unknown variable '20' in integer section
Warning: unknown variable '0.500000' in integer section
Warning: unknown variable '2.000000' in integer section
Warning: Numeric variable name in LP file ('12') - often the result
         of a constant term in the left-hand side of a constraint.

Read LP format model from file ILPmodel.lp
Reading time = 0.06 seconds
: 22462 rows, 10145 columns, 78786 nonzeros
Optimize a model with 22462 rows, 10145 columns and 78786 nonzeros
Variable types: 0 continuous, 10145 integer (6003 binary)
Coefficient statistics:
  Matrix range     [5e-01, 1e+05]
  Objective range  [1e+00, 5e+03]
  Bounds range     [1e+00, 1e+00]
  RHS range        [1e+00, 2e+04]
Presolve removed 6429 rows and 3049 columns
Presolve time: 0.28s
Presolved: 16033 rows, 7096 columns, 45856 nonzeros
Variable types: 0 continuous, 7096 integer (4596 binary)

Root relaxation: objective 3.672258e+06, 6420 iterations, 0.15 seconds

    Nodes    |    Current Node    |     Objective Bounds      |     Work
 Expl Unexpl |  Obj  Depth IntInf | Incumbent    BestBd   Gap | It/Node Time

     0     0 3672258.01    0 1923          - 3672258.01      -     -    1s
     0     0 3673967.42    0 2300          - 3673967.42      -     -    2s
     0     0 3674082.52    0 2212          - 3674082.52      -     -    2s
     0     0 3674509.26    0 2340          - 3674509.26      -     -    2s
     0     0 3674523.62    0 2339          - 3674523.62      -     -    2s
     0     0 3674595.54    0 1923          - 3674595.54      -     -    3s
     0     0 3674595.90    0 2335          - 3674595.90      -     -    3s
     0     0 3674631.30    0 2352          - 3674631.30      -     -    3s
     0     0 3674633.76    0 2357          - 3674633.76      -     -    3s
     0     0 3674665.05    0 2354          - 3674665.05      -     -    3s
     0     0 3674668.36    0 1992          - 3674668.36      -     -    3s
     0     0 3674674.43    0 1996          - 3674674.43      -     -    3s
     0     0 3674674.51    0 1996          - 3674674.51      -     -    3s
     0     0 3674674.70    0 1995          - 3674674.70      -     -    3s
     0     0 3674682.58    0 2004          - 3674682.58      -     -    4s
     0     0 3674682.76    0 2372          - 3674682.76      -     -    4s
     0     0 3674682.78    0 2366          - 3674682.78      -     -    4s
     0     0 3674682.78    0 2366          - 3674682.78      -     -    4s
     0     0 3674682.78    0 2172          - 3674682.78      -     -    4s
     0     0 3674682.78    0 2168          - 3674682.78      -     -    5s
     0     2 3674682.78    0 2168          - 3674682.78      -     -    6s
  1142  1065 3676055.50  179  200          - 3674796.05      -  23.9   10s
H 1955  1600                    3878998.0000 3674796.05  5.26%  19.8   11s
H 2046  1608                    3878820.0000 3674820.29  5.26%  19.7   11s
  2053  1614 3675686.32   55 2168 3878820.00 3674820.29  5.26%  19.8   17s
  2056  1616 3675821.74  118 1718 3878820.00 3674820.29  5.26%  19.8   20s
  2062  1620 3676766.00   87 1759 3878820.00 3675403.19  5.24%  19.7   26s
  2066  1623 3676661.85   80 1997 3878820.00 3675422.62  5.24%  19.7   31s
  2070  1625 3676985.00  238 1930 3878820.00 3675429.68  5.24%  19.6   36s
  2075  1629 3676839.39  103 1939 3878820.00 3675432.98  5.24%  19.6   40s
  2081  1634 3675681.79   71 2077 3878820.00 3675432.98  5.24%  11.6   45s
  2085  1636 3676093.61   97 2055 3878820.00 3675448.47  5.24%  11.6   50s
  2088  1638 3675518.70   22 2020 3878820.00 3675454.20  5.24%  11.6   55s
H 2090  1557                    3878079.0000 3675454.67  5.22%  11.6   58s
H 2090  1479                    3878077.0000 3675454.67  5.22%  11.6   58s
  2092  1480 3877686.00  263 2039 3878077.00 3675455.49  5.22%  11.5   60s
  2117  1504 3675522.98   33 1641 3878077.00 3675485.10  5.22%  22.4   65s
  2322  1635 3675551.21   55 1413 3878077.00 3675486.59  5.22%  29.5   72s
  2572  1792 3675597.34   77  958 3878077.00 3675486.59  5.22%  36.7   77s
H 2811  1871                    3677113.0000 3675486.59  0.04%  39.3   79s
H 2913  1860                    3676795.0000 3675486.59  0.04%  39.5   79s
  2935  1858 3675842.74  110  651 3676795.00 3675486.59  0.04%  39.4   83s
H 2940  1789                    3676762.0000 3675486.59  0.03%  39.4   83s
H 3057  1780                    3676626.0000 3675486.59  0.03%  39.4   83s
  3065  1796 3675891.53  113 1225 3676626.00 3675486.59  0.03%  39.5   85s
  3835  2144 3676570.26  219  130 3676626.00 3675489.17  0.03%  38.3   90s
  4248  2332 3675845.48   82 1187 3676626.00 3675489.17  0.03%  38.6   96s
  4727  2609 3675511.60   35 1615 3676626.00 3675490.88  0.03%  37.5  101s
  4818  2610 3675683.43   41 1949 3676626.00 3675490.88  0.03%  38.7  106s
  4856  2633 3675703.09   47 1755 3676626.00 3675490.88  0.03%  39.1  111s
H 4984  2603                    3676479.0000 3675490.88  0.03%  39.1  113s
  5007  2592 3675774.97   64  956 3676479.00 3675490.88  0.03%  39.3  116s
  5687  3030 3676120.75  138  170 3676479.00 3675490.88  0.03%  38.4  122s
  6099  3351 3676354.36  190  345 3676479.00 3675503.47  0.03%  37.5  125s
  6347  3537 3675705.39   46 1978 3676479.00 3675504.09  0.03%  38.5  132s
  6519  3689     cutoff  127      3676479.00 3675504.80  0.03%  39.4  136s
  6650  3793 3675720.58   51 1895 3676479.00 3675504.80  0.03%  40.5  140s
  6874  3976 3676350.96   82 1918 3676479.00 3675504.98  0.03%  41.8  145s
  7310  4261 3675794.52   45 1935 3676479.00 3675507.98  0.03%  43.4  151s
  7535  4445 3676068.27   63 1369 3676479.00 3675507.98  0.03%  44.4  155s
  7823  4662 3676371.86   69 1677 3676479.00 3675508.80  0.03%  46.6  162s
  7967  4767 3676158.39   80 1221 3676479.00 3675509.31  0.03%  47.7  167s
  8123  4895 3675929.82   61 1878 3676479.00 3675509.45  0.03%  48.3  170s
  8673  5324 3675686.06   47 2043 3676479.00 3675510.14  0.03%  48.5  177s
  8839  5437 3676450.38   60 1697 3676479.00 3675510.62  0.03%  49.6  183s
  8930  5512 3675523.63   47 1628 3676479.00 3675510.62  0.03%  49.8  187s
  9158  5677 3675995.83   63 1627 3676479.00 3675510.62  0.03%  50.9  191s
  9583  6011 3676286.38   90  763 3676479.00 3675511.53  0.03%  51.0  195s
  9883  6212 3675743.08   48 1983 3676479.00 3675511.69  0.03%  51.6  201s
  9961  6265 3675742.56   48 1882 3676479.00 3675511.86  0.03%  52.4  206s
 10160  6433 3676183.37   64 1464 3676479.00 3675512.94  0.03%  53.7  210s
 10485  6688 3676409.24  103 1153 3676479.00 3675513.15  0.03%  54.4  215s
 10489  6691 3676137.63   58 2007 3676479.00 3675513.15  0.03%  54.3  220s
 10494  6694 3676310.69  104 1934 3676479.00 3675515.57  0.03%  54.3  225s
 10498  6697 3675888.00  172 1914 3676479.00 3675521.38  0.03%  54.3  230s
 10500  6698 3675571.66   67 1924 3676479.00 3675522.42  0.03%  54.3  237s
 10503  6703 3675558.08   42 1905 3676479.00 3675524.19  0.03%  56.7  258s
 10505  6707 3675568.19   43 1828 3676479.00 3675528.75  0.03%  56.7  297s
 10517  6715 3675584.85   45 2055 3676479.00 3675545.62  0.03%  57.0  300s
 10589  6757 3675878.76   52 1910 3676479.00 3675607.99  0.02%  58.1  308s
 10785  6890 3675959.61   66  614 3676479.00 3675607.99  0.02%  58.5  310s
 11504  7300     cutoff  147      3676479.00 3675607.99  0.02%  57.1  316s
 11590  7332     cutoff  157      3676479.00 3675608.93  0.02%  56.9  322s
 11708  7373 3675755.96   47 2064 3676479.00 3675608.93  0.02%  56.7  326s
 11805  7423 3675766.85   50 1915 3676479.00 3675608.93  0.02%  57.0  330s
 12388  7722 3675828.13   52 2087 3676479.00 3675626.02  0.02%  56.8  336s
 12797  7928 3676235.74  170  120 3676479.00 3675632.17  0.02%  56.3  340s
 13776  8445 3675850.73   55 1940 3676479.00 3675632.17  0.02%  54.6  345s
 13951  8535 3676254.22   77 1132 3676479.00 3675639.50  0.02%  55.6  351s
 14586  8845 3675876.65   52 2044 3676479.00 3675639.53  0.02%  54.2  356s
 15294  9222 3676217.84   95  980 3676479.00 3675639.53  0.02%  53.2  365s
 15495  9331 3676434.63  186   94 3676479.00 3675642.01  0.02%  53.1  370s
 16007  9588 3675995.19   91 1319 3676479.00 3675662.34  0.02%  53.0  375s
 16344  9719 3675997.30   63 1967 3676479.00 3675670.31  0.02%  53.4  381s
 16790  9963 3676462.77  107 1407 3676479.00 3675670.31  0.02%  53.0  386s
 16822  9966 3675704.57   51 1988 3676479.00 3675670.31  0.02%  53.1  397s
 17195 10142 3676029.51   56 2006 3676479.00 3675670.31  0.02%  53.1  402s
 17260 10169 3676085.21   61 1493 3676479.00 3675670.31  0.02%  53.6  405s
 17612 10332 3675822.28   54 2000 3676479.00 3675684.99  0.02%  54.0  414s
 17641 10347 3675916.78   56 2033 3676479.00 3675685.64  0.02%  54.1  416s
 17743 10392 3676060.47   58 1980 3676479.00 3675685.70  0.02%  55.1  423s
 17883 10438 3675833.84   50 1968 3676479.00 3675691.08  0.02%  55.3  428s
 18393 10697 3676244.27   55 1732 3676479.00 3675691.46  0.02%  54.9  431s
 18621 10807 3675969.32   52 1943 3676479.00 3675693.47  0.02%  55.0  435s
 19017 10986 3675845.34   53 2061 3676479.00 3675701.16  0.02%  55.4  442s
 19488 11222 3675964.46   51 1774 3676479.00 3675706.47  0.02%  55.2  446s
 19869 11415 3675948.39   55 2040 3676479.00 3675707.83  0.02%  55.4  450s
 20219 11586 3675754.37   51 2009 3676479.00 3675709.94  0.02%  55.6  455s
 20714 11838 3675741.93   49 2168 3676479.00 3675709.94  0.02%  55.4  511s
 20717 11840 3676455.71   73 1888 3676479.00 3675709.94  0.02%  55.4  515s
 20720 11842 3676299.64   55 2088 3676479.00 3675709.94  0.02%  55.4  523s
 20721 11843 3676081.53   57 2090 3676479.00 3675709.94  0.02%  55.4  526s
 20723 11844 3676301.31   59 2100 3676479.00 3675709.94  0.02%  55.4  531s
 20725 11845 3676402.74   98 2116 3676479.00 3675709.94  0.02%  55.4  537s
 20726 11846 3676097.01   56 2114 3676479.00 3675709.94  0.02%  55.3  540s
 20728 11847 3676299.07  170 2113 3676479.00 3675709.94  0.02%  55.3  546s
 20730 11849 3676235.32  164 2126 3676479.00 3675709.94  0.02%  55.3  552s
 20732 11850 3676216.86   96 2124 3676479.00 3675709.94  0.02%  55.3  557s
H20732 11257                    3676463.0000 3675709.94  0.02%  55.3  561s
 20735 11259 3676109.87   65 2124 3676463.00 3675709.94  0.02%  55.3  567s
 20737 11260 3676455.71   73 2109 3676463.00 3675709.94  0.02%  55.3  572s
 20739 11262 3675827.02   51 2108 3676463.00 3675709.94  0.02%  55.3  577s
 20740 11262 3676299.64   55 2117 3676463.00 3675709.94  0.02%  55.3  581s
 20742 11264 3676319.79   74 2126 3676463.00 3675709.94  0.02%  55.3  586s
 20744 11265 3675949.36   79 2132 3676463.00 3675709.94  0.02%  55.3  591s
 20746 11266 3676097.01   56 2137 3676463.00 3675709.94  0.02%  55.3  596s
 20747 11267 3676315.34   62 2126 3676463.00 3675709.94  0.02%  55.3  600s
 20749 11268 3675832.50   57 2121 3676463.00 3675709.94  0.02%  55.3  606s
 20751 11270 3676373.12  113 2127 3676463.00 3675709.94  0.02%  55.3  610s
 20753 11271 3676361.03  188 2140 3676463.00 3675709.94  0.02%  55.3  615s
 20755 11272 3676109.87   65 2142 3676463.00 3675709.94  0.02%  55.3  620s
 20757 11274 3676455.71   73 2115 3676463.00 3675709.94  0.02%  55.3  626s
 20759 11275 3675827.02   51 2120 3676463.00 3675709.94  0.02%  55.3  632s
 20761 11276 3676081.53   57 2137 3676463.00 3675709.94  0.02%  55.3  638s
 20762 11277 3676319.79   74 2138 3676463.00 3675709.94  0.02%  55.3  641s
 20763 11278 3676301.31   59 2132 3676463.00 3675709.94  0.02%  55.2  645s
 20765 11279 3676402.74   98 2128 3676463.00 3675709.94  0.02%  55.2  651s
 20767 11280 3676315.34   62 2135 3676463.00 3675709.94  0.02%  55.2  656s
 20769 11282 3675832.50   57 2141 3676463.00 3675709.94  0.02%  55.2  662s
 20770 11282 3676235.32  164 2143 3676463.00 3675709.94  0.02%  55.2  665s
 20771 11283 3676373.12  113 2140 3676463.00 3675709.94  0.02%  55.2  670s
 20773 11284 3676361.03  188 2142 3676463.00 3675709.94  0.02%  55.2  677s
 20774 11285 3675741.93   49 2142 3676463.00 3675709.94  0.02%  55.2  680s
 20776 11286 3676406.36  153 2135 3676463.00 3675709.94  0.02%  55.2  686s
 20777 11287 3676455.71   73 2135 3676463.00 3675709.94  0.02%  55.2  691s
 20778 11288 3676012.16   65 2135 3676463.00 3675709.94  0.02%  55.2  708s
 20779 11288 3675827.02   51 2135 3676463.00 3675709.94  0.02%  55.2  711s
 20781 11293 3675709.94   53 2118 3676463.00 3675709.94  0.02%  58.3  752s

Cutting planes:
  Learned: 1
  Gomory: 191
  Cover: 19
  Implied bound: 24
  Clique: 11
  MIR: 140
  Flow cover: 286
  Zero half: 20

Explored 20783 nodes (1265486 simplex iterations) in 752.86 seconds
Thread count was 8 (of 8 available processors)

Solution count 10: 3.67646e+06 3.67648e+06 3.67663e+06 ... 3.879e+06
Pool objective bound 3.67571e+06

Solve interrupted
Best objective 3.676463000000e+06, best bound 3.675710000000e+06, gap 0.0205%

Wrote result file 'ILPmodel.sol'

